2024-03-10 17:13:35.200 [http-nio-80-exec-2] WARN  com.aliyun.oss - [Server]Unable to execute HTTP request: The OSS Access Key Id you provided is disabled.
[ErrorCode]: InvalidAccessKeyId
[RequestId]: 65ED79BF8DF37433307AC1F2
[HostId]: image20210519.oss-cn-shanghai.aliyuncs.com
[ResponseError]:
<?xml version="1.0" encoding="UTF-8"?>
<Error>
  <Code>InvalidAccessKeyId</Code>
  <Message>The OSS Access Key Id you provided is disabled.</Message>
  <RequestId>65ED79BF8DF37433307AC1F2</RequestId>
  <HostId>image20210519.oss-cn-shanghai.aliyuncs.com</HostId>
  <OSSAccessKeyId>LTAI5tQUSgU3VBdoDV659tcd</OSSAccessKeyId>
  <EC>0002-00000903</EC>
  <RecommendDoc>https://api.aliyun.com/troubleshoot?q=0002-00000903</RecommendDoc>
</Error>

2024-03-10 17:13:35.200 [http-nio-80-exec-1] WARN  com.aliyun.oss - [Server]Unable to execute HTTP request: The OSS Access Key Id you provided is disabled.
[ErrorCode]: InvalidAccessKeyId
[RequestId]: 65ED79BF71255435348E1342
[HostId]: image20210519.oss-cn-shanghai.aliyuncs.com
[ResponseError]:
<?xml version="1.0" encoding="UTF-8"?>
<Error>
  <Code>InvalidAccessKeyId</Code>
  <Message>The OSS Access Key Id you provided is disabled.</Message>
  <RequestId>65ED79BF71255435348E1342</RequestId>
  <HostId>image20210519.oss-cn-shanghai.aliyuncs.com</HostId>
  <OSSAccessKeyId>LTAI5tQUSgU3VBdoDV659tcd</OSSAccessKeyId>
  <EC>0002-00000903</EC>
  <RecommendDoc>https://api.aliyun.com/troubleshoot?q=0002-00000903</RecommendDoc>
</Error>

2024-03-10 17:13:35.200 [http-nio-80-exec-5] WARN  com.aliyun.oss - [Server]Unable to execute HTTP request: The OSS Access Key Id you provided is disabled.
[ErrorCode]: InvalidAccessKeyId
[RequestId]: 65ED79BF7614543734F255E5
[HostId]: image20210519.oss-cn-shanghai.aliyuncs.com
[ResponseError]:
<?xml version="1.0" encoding="UTF-8"?>
<Error>
  <Code>InvalidAccessKeyId</Code>
  <Message>The OSS Access Key Id you provided is disabled.</Message>
  <RequestId>65ED79BF7614543734F255E5</RequestId>
  <HostId>image20210519.oss-cn-shanghai.aliyuncs.com</HostId>
  <OSSAccessKeyId>LTAI5tQUSgU3VBdoDV659tcd</OSSAccessKeyId>
  <EC>0002-00000903</EC>
  <RecommendDoc>https://api.aliyun.com/troubleshoot?q=0002-00000903</RecommendDoc>
</Error>

2024-03-10 17:13:35.200 [http-nio-80-exec-9] WARN  com.aliyun.oss - [Server]Unable to execute HTTP request: The OSS Access Key Id you provided is disabled.
[ErrorCode]: InvalidAccessKeyId
[RequestId]: 65ED79BFCA9F863031F14186
[HostId]: image20210519.oss-cn-shanghai.aliyuncs.com
[ResponseError]:
<?xml version="1.0" encoding="UTF-8"?>
<Error>
  <Code>InvalidAccessKeyId</Code>
  <Message>The OSS Access Key Id you provided is disabled.</Message>
  <RequestId>65ED79BFCA9F863031F14186</RequestId>
  <HostId>image20210519.oss-cn-shanghai.aliyuncs.com</HostId>
  <OSSAccessKeyId>LTAI5tQUSgU3VBdoDV659tcd</OSSAccessKeyId>
  <EC>0002-00000903</EC>
  <RecommendDoc>https://api.aliyun.com/troubleshoot?q=0002-00000903</RecommendDoc>
</Error>

2024-03-10 17:13:35.200 [http-nio-80-exec-6] WARN  com.aliyun.oss - [Server]Unable to execute HTTP request: The OSS Access Key Id you provided is disabled.
[ErrorCode]: InvalidAccessKeyId
[RequestId]: 65ED79BFC562923833A78137
[HostId]: image20210519.oss-cn-shanghai.aliyuncs.com
[ResponseError]:
<?xml version="1.0" encoding="UTF-8"?>
<Error>
  <Code>InvalidAccessKeyId</Code>
  <Message>The OSS Access Key Id you provided is disabled.</Message>
  <RequestId>65ED79BFC562923833A78137</RequestId>
  <HostId>image20210519.oss-cn-shanghai.aliyuncs.com</HostId>
  <OSSAccessKeyId>LTAI5tQUSgU3VBdoDV659tcd</OSSAccessKeyId>
  <EC>0002-00000903</EC>
  <RecommendDoc>https://api.aliyun.com/troubleshoot?q=0002-00000903</RecommendDoc>
</Error>

